<?xml version="1.0" encoding="UTF-8"?>
<!-- Generated by org.testng.reporters.JUnitReportReporter -->
<testsuite hostname="DESKTOP-SQGRGKQ" failures="0" tests="3" name="test_cases.taskCompleted" time="8.586" errors="0" timestamp="2020-06-24T22:01:41 EDT" skipped="0">
  <testcase classname="test_cases.taskCompleted" name="startApp" time="3.214"/>
  <system-out/>
  <testcase classname="test_cases.taskCompleted" name="loginApp" time="4.950"/>
  <system-out/>
  <testcase classname="test_cases.taskCompleted" name="taskCompleted" time="0.422"/>
  <system-out/>
</testsuite> <!-- test_cases.taskCompleted -->
