<?xml version="1.0" encoding="UTF-8"?>
<!-- Generated by org.testng.reporters.JUnitReportReporter -->
<testsuite hostname="DESKTOP-SQGRGKQ" failures="0" tests="3" name="test_cases.deleteTask20" time="17.154" errors="0" timestamp="2020-06-24T22:49:32 EDT" skipped="0">
  <testcase classname="test_cases.deleteTask20" name="startApp" time="3.378"/>
  <system-out/>
  <testcase classname="test_cases.deleteTask20" name="loginApp" time="4.916"/>
  <system-out/>
  <testcase classname="test_cases.deleteTask20" name="deleteTask" time="8.860"/>
  <system-out/>
</testsuite> <!-- test_cases.deleteTask20 -->
