<?xml version="1.0" encoding="UTF-8"?>
<!-- Generated by org.testng.reporters.JUnitReportReporter -->
<testsuite hostname="DESKTOP-SQGRGKQ" failures="0" tests="3" name="test_cases.createNewList12" time="8.924" errors="0" timestamp="2020-06-24T22:36:23 EDT" skipped="0">
  <testcase classname="test_cases.createNewList12" name="startApp" time="3.239"/>
  <system-out/>
  <testcase classname="test_cases.createNewList12" name="loginApp" time="4.953"/>
  <system-out/>
  <testcase classname="test_cases.createNewList12" name="addList" time="0.732"/>
  <system-out/>
</testsuite> <!-- test_cases.createNewList12 -->
