<?xml version="1.0" encoding="UTF-8"?>
<!-- Generated by org.testng.reporters.JUnitReportReporter -->
<testsuite hostname="DESKTOP-SQGRGKQ" failures="0" tests="3" name="test_cases.dueDate7" time="12.757" errors="0" timestamp="2020-06-24T22:14:48 EDT" skipped="0">
  <testcase classname="test_cases.dueDate7" name="startApp" time="3.242"/>
  <system-out/>
  <testcase classname="test_cases.dueDate7" name="loginApp" time="4.997"/>
  <system-out/>
  <testcase classname="test_cases.dueDate7" name="dueDate" time="4.518"/>
  <system-out/>
</testsuite> <!-- test_cases.dueDate7 -->
