<?xml version="1.0" encoding="UTF-8"?>
<!-- Generated by org.testng.reporters.JUnitReportReporter -->
<testsuite hostname="DESKTOP-SQGRGKQ" failures="0" tests="3" name="test_cases.sortByDueDate15" time="17.561" errors="0" timestamp="2020-06-24T22:43:29 EDT" skipped="0">
  <testcase classname="test_cases.sortByDueDate15" name="startApp" time="3.481"/>
  <system-out/>
  <testcase classname="test_cases.sortByDueDate15" name="loginApp" time="5.187"/>
  <system-out/>
  <testcase classname="test_cases.sortByDueDate15" name="sortByDate" time="8.893"/>
  <system-out/>
</testsuite> <!-- test_cases.sortByDueDate15 -->
