<?xml version="1.0" encoding="UTF-8"?>
<!-- Generated by org.testng.reporters.JUnitReportReporter -->
<testsuite hostname="DESKTOP-SQGRGKQ" failures="0" tests="3" name="test_cases.taskCompleted5" time="9.356" errors="0" timestamp="2020-06-24T22:51:41 EDT" skipped="0">
  <testcase classname="test_cases.taskCompleted5" name="taskCompleted" time="0.339"/>
  <system-out/>
  <testcase classname="test_cases.taskCompleted5" name="startApp" time="4.019"/>
  <system-out/>
  <testcase classname="test_cases.taskCompleted5" name="loginApp" time="4.998"/>
  <system-out/>
</testsuite> <!-- test_cases.taskCompleted5 -->
