<?xml version="1.0" encoding="UTF-8"?>
<!-- Generated by org.testng.reporters.JUnitReportReporter -->
<testsuite hostname="DESKTOP-SQGRGKQ" failures="0" tests="2" name="test_cases.loginFail" time="6.454" errors="0" timestamp="2020-06-24T21:57:14 EDT" skipped="0">
  <testcase classname="test_cases.loginFail" name="startApp" time="3.363"/>
  <system-out/>
  <testcase classname="test_cases.loginFail" name="loginApp" time="3.091"/>
  <system-out/>
</testsuite> <!-- test_cases.loginFail -->
