<?xml version="1.0" encoding="UTF-8"?>
<!-- Generated by org.testng.reporters.JUnitReportReporter -->
<testsuite hostname="DESKTOP-SQGRGKQ" failures="0" tests="3" name="test_cases.repeatTaskWeekly8" time="11.463" errors="0" timestamp="2020-06-24T22:18:25 EDT" skipped="0">
  <testcase classname="test_cases.repeatTaskWeekly8" name="startApp" time="3.359"/>
  <system-out/>
  <testcase classname="test_cases.repeatTaskWeekly8" name="loginApp" time="5.115"/>
  <system-out/>
  <testcase classname="test_cases.repeatTaskWeekly8" name="repeatTaskWeekly" time="2.989"/>
  <system-out/>
</testsuite> <!-- test_cases.repeatTaskWeekly8 -->
