<?xml version="1.0" encoding="UTF-8"?>
<!-- Generated by org.testng.reporters.JUnitReportReporter -->
<testsuite hostname="DESKTOP-SQGRGKQ" failures="0" tests="3" name="test_cases.addThreetasks13" time="10.502" errors="0" timestamp="2020-06-24T22:39:35 EDT" skipped="0">
  <testcase classname="test_cases.addThreetasks13" name="startApp" time="3.302"/>
  <system-out/>
  <testcase classname="test_cases.addThreetasks13" name="loginApp" time="5.406"/>
  <system-out/>
  <testcase classname="test_cases.addThreetasks13" name="addThreeTasksToList" time="1.794"/>
  <system-out/>
</testsuite> <!-- test_cases.addThreetasks13 -->
