<?xml version="1.0" encoding="UTF-8"?>
<!-- Generated by org.testng.reporters.JUnitReportReporter -->
<testsuite hostname="DESKTOP-SQGRGKQ" failures="0" tests="3" name="test_cases.renameTask" time="15.098" errors="0" timestamp="2020-06-24T22:00:30 EDT" skipped="0">
  <testcase classname="test_cases.renameTask" name="startApp" time="3.188"/>
  <system-out/>
  <testcase classname="test_cases.renameTask" name="loginApp" time="5.012"/>
  <system-out/>
  <testcase classname="test_cases.renameTask" name="renameTask" time="6.898"/>
  <system-out/>
</testsuite> <!-- test_cases.renameTask -->
